This is pdfTeX, Version 3.14159265-2.6-1.40.20 (TeX Live 2019/W32TeX) (preloaded format=pdflatex 2020.1.21)  18 MAR 2020 21:27
entering extended mode
 restricted \write18 enabled.
 %&-line parsing enabled.
**Readme.tex
(./Readme.tex
LaTeX2e <2019-10-01> patch level 3
(c:/texlive/2019/texmf-dist/tex/latex/base/article.cls
Document Class: article 2019/10/25 v1.4k Standard LaTeX document class
(c:/texlive/2019/texmf-dist/tex/latex/base/size11.clo
File: size11.clo 2019/10/25 v1.4k Standard LaTeX file (size option)
)
\c@part=\count80
\c@section=\count81
\c@subsection=\count82
\c@subsubsection=\count83
\c@paragraph=\count84
\c@subparagraph=\count85
\c@figure=\count86
\c@table=\count87
\abovecaptionskip=\skip41
\belowcaptionskip=\skip42
\bibindent=\dimen102
)
(c:/texlive/2019/texmf-dist/tex/latex/geometry/geometry.sty
Package: geometry 2020/01/02 v5.9 Page Geometry

(c:/texlive/2019/texmf-dist/tex/latex/graphics/keyval.sty
Package: keyval 2014/10/28 v1.15 key=value parser (DPC)
\KV@toks@=\toks14
)
(c:/texlive/2019/texmf-dist/tex/generic/iftex/ifvtex.sty
Package: ifvtex 2019/10/25 v1.7 ifvtex legacy package. Use iftex instead.

(c:/texlive/2019/texmf-dist/tex/generic/iftex/iftex.sty
Package: iftex 2019/11/07 v1.0c TeX engine tests
))
\Gm@cnth=\count88
\Gm@cntv=\count89
\c@Gm@tempcnt=\count90
\Gm@bindingoffset=\dimen103
\Gm@wd@mp=\dimen104
\Gm@odd@mp=\dimen105
\Gm@even@mp=\dimen106
\Gm@layoutwidth=\dimen107
\Gm@layoutheight=\dimen108
\Gm@layouthoffset=\dimen109
\Gm@layoutvoffset=\dimen110
\Gm@dimlist=\toks15
)
(c:/texlive/2019/texmf-dist/tex/latex/graphics/graphicx.sty
Package: graphicx 2017/06/01 v1.1a Enhanced LaTeX Graphics (DPC,SPQR)

(c:/texlive/2019/texmf-dist/tex/latex/graphics/graphics.sty
Package: graphics 2019/11/01 v1.3d Standard LaTeX Graphics (DPC,SPQR)

(c:/texlive/2019/texmf-dist/tex/latex/graphics/trig.sty
Package: trig 2016/01/03 v1.10 sin cos tan (DPC)
)
(c:/texlive/2019/texmf-dist/tex/latex/graphics-cfg/graphics.cfg
File: graphics.cfg 2016/06/04 v1.11 sample graphics configuration
)
Package graphics Info: Driver file: pdftex.def on input line 105.

(c:/texlive/2019/texmf-dist/tex/latex/graphics-def/pdftex.def
File: pdftex.def 2018/01/08 v1.0l Graphics/color driver for pdftex
))
\Gin@req@height=\dimen111
\Gin@req@width=\dimen112
)
(c:/texlive/2019/texmf-dist/tex/latex/amsfonts/amssymb.sty
Package: amssymb 2013/01/14 v3.01 AMS font symbols

(c:/texlive/2019/texmf-dist/tex/latex/amsfonts/amsfonts.sty
Package: amsfonts 2013/01/14 v3.01 Basic AMSFonts support
\@emptytoks=\toks16
\symAMSa=\mathgroup4
\symAMSb=\mathgroup5
LaTeX Font Info:    Redeclaring math symbol \hbar on input line 98.
LaTeX Font Info:    Overwriting math alphabet `\mathfrak' in version `bold'
(Font)                  U/euf/m/n --> U/euf/b/n on input line 106.
))
(c:/texlive/2019/texmf-dist/tex/latex/epstopdf-pkg/epstopdf.sty
Package: epstopdf 2019-12-09 v2.10 Conversion with epstopdf on the fly (HO)

(c:/texlive/2019/texmf-dist/tex/generic/infwarerr/infwarerr.sty
Package: infwarerr 2019/12/03 v1.5 Providing info/warning/error messages (HO)
)
(c:/texlive/2019/texmf-dist/tex/latex/grfext/grfext.sty
Package: grfext 2019/12/03 v1.3 Manage graphics extensions (HO)

(c:/texlive/2019/texmf-dist/tex/generic/kvdefinekeys/kvdefinekeys.sty
Package: kvdefinekeys 2019-12-19 v1.6 Define keys (HO)
))
(c:/texlive/2019/texmf-dist/tex/latex/kvoptions/kvoptions.sty
Package: kvoptions 2019/11/29 v3.13 Key value format for package options (HO)

(c:/texlive/2019/texmf-dist/tex/generic/ltxcmds/ltxcmds.sty
Package: ltxcmds 2019/12/15 v1.24 LaTeX kernel commands for general use (HO)
)
(c:/texlive/2019/texmf-dist/tex/generic/kvsetkeys/kvsetkeys.sty
Package: kvsetkeys 2019/12/15 v1.18 Key value parser (HO)
))
(c:/texlive/2019/texmf-dist/tex/latex/pdftexcmds/pdftexcmds.sty
Package: pdftexcmds 2019/11/24 v0.31 Utility functions of pdfTeX for LuaTeX (HO
)
Package pdftexcmds Info: \pdf@primitive is available.
Package pdftexcmds Info: \pdf@ifprimitive is available.
Package pdftexcmds Info: \pdfdraftmode found.
)
(c:/texlive/2019/texmf-dist/tex/latex/epstopdf-pkg/epstopdf-base.sty
Package: epstopdf-base 2019-12-09 v2.10 Base part for package epstopdf
Package epstopdf-base Info: Redefining graphics rule for `.eps' on input line 4
85.
Package grfext Info: Graphics extension search list:
(grfext)             [.pdf,.png,.jpg,.mps,.jpeg,.jbig2,.jb2,.PDF,.PNG,.JPG,.JPE
G,.JBIG2,.JB2,.eps]
(grfext)             \AppendGraphicsExtensions on input line 504.

(c:/texlive/2019/texmf-dist/tex/latex/latexconfig/epstopdf-sys.cfg
File: epstopdf-sys.cfg 2010/07/13 v1.3 Configuration of (r)epstopdf for TeX Liv
e
)))
(c:/texlive/2019/texmf-dist/tex/latex/amsmath/amsmath.sty
Package: amsmath 2019/11/16 v2.17d AMS math features
\@mathmargin=\skip43

For additional information on amsmath, use the `?' option.
(c:/texlive/2019/texmf-dist/tex/latex/amsmath/amstext.sty
Package: amstext 2000/06/29 v2.01 AMS text

(c:/texlive/2019/texmf-dist/tex/latex/amsmath/amsgen.sty
File: amsgen.sty 1999/11/30 v2.0 generic functions
\@emptytoks=\toks17
\ex@=\dimen113
))
(c:/texlive/2019/texmf-dist/tex/latex/amsmath/amsbsy.sty
Package: amsbsy 1999/11/29 v1.2d Bold Symbols
\pmbraise@=\dimen114
)
(c:/texlive/2019/texmf-dist/tex/latex/amsmath/amsopn.sty
Package: amsopn 2016/03/08 v2.02 operator names
)
\inf@bad=\count91
LaTeX Info: Redefining \frac on input line 227.
\uproot@=\count92
\leftroot@=\count93
LaTeX Info: Redefining \overline on input line 389.
\classnum@=\count94
\DOTSCASE@=\count95
LaTeX Info: Redefining \ldots on input line 486.
LaTeX Info: Redefining \dots on input line 489.
LaTeX Info: Redefining \cdots on input line 610.
\Mathstrutbox@=\box27
\strutbox@=\box28
\big@size=\dimen115
LaTeX Font Info:    Redeclaring font encoding OML on input line 733.
LaTeX Font Info:    Redeclaring font encoding OMS on input line 734.
\macc@depth=\count96
\c@MaxMatrixCols=\count97
\dotsspace@=\muskip10
\c@parentequation=\count98
\dspbrk@lvl=\count99
\tag@help=\toks18
\row@=\count100
\column@=\count101
\maxfields@=\count102
\andhelp@=\toks19
\eqnshift@=\dimen116
\alignsep@=\dimen117
\tagshift@=\dimen118
\tagwidth@=\dimen119
\totwidth@=\dimen120
\lineht@=\dimen121
\@envbody=\toks20
\multlinegap=\skip44
\multlinetaggap=\skip45
\mathdisplay@stack=\toks21
LaTeX Info: Redefining \[ on input line 2858.
LaTeX Info: Redefining \] on input line 2859.
)
(c:/texlive/2019/texmf-dist/tex/latex/hyperref/hyperref.sty
Package: hyperref 2019/11/10 v7.00c Hypertext links for LaTeX

(c:/texlive/2019/texmf-dist/tex/generic/pdfescape/pdfescape.sty
Package: pdfescape 2019/12/09 v1.15 Implements pdfTeX's escape features (HO)
)
(c:/texlive/2019/texmf-dist/tex/latex/hycolor/hycolor.sty
Package: hycolor 2019/12/15 v1.9 Color options for hyperref/bookmark (HO)

(c:/texlive/2019/texmf-dist/tex/latex/hycolor/xcolor-patch.sty
Package: xcolor-patch 2019/12/15 xcolor patch

(c:/texlive/2019/texmf-dist/tex/latex/oberdiek/hopatch.sty
Package: hopatch 2016/05/16 v1.3 Wrapper for package hooks (HO)
)))
(c:/texlive/2019/texmf-dist/tex/latex/letltxmacro/letltxmacro.sty
Package: letltxmacro 2019/12/03 v1.6 Let assignment for LaTeX macros (HO)
)
(c:/texlive/2019/texmf-dist/tex/latex/auxhook/auxhook.sty
Package: auxhook 2019-12-17 v1.6 Hooks for auxiliary files (HO)
)
\@linkdim=\dimen122
\Hy@linkcounter=\count103
\Hy@pagecounter=\count104

(c:/texlive/2019/texmf-dist/tex/latex/hyperref/pd1enc.def
File: pd1enc.def 2019/11/10 v7.00c Hyperref: PDFDocEncoding definition (HO)
Now handling font encoding PD1 ...
... no UTF-8 mapping file for font encoding PD1
)
(c:/texlive/2019/texmf-dist/tex/generic/intcalc/intcalc.sty
Package: intcalc 2019/12/15 v1.3 Expandable calculations with integers (HO)
)
(c:/texlive/2019/texmf-dist/tex/generic/etexcmds/etexcmds.sty
Package: etexcmds 2019/12/15 v1.7 Avoid name clashes with e-TeX commands (HO)
)
\Hy@SavedSpaceFactor=\count105

(c:/texlive/2019/texmf-dist/tex/latex/latexconfig/hyperref.cfg
File: hyperref.cfg 2002/06/06 v1.2 hyperref configuration of TeXLive
)
Package hyperref Info: Hyper figures OFF on input line 4535.
Package hyperref Info: Link nesting OFF on input line 4540.
Package hyperref Info: Hyper index ON on input line 4543.
Package hyperref Info: Plain pages OFF on input line 4550.
Package hyperref Info: Backreferencing OFF on input line 4555.
Package hyperref Info: Implicit mode ON; LaTeX internals redefined.
Package hyperref Info: Bookmarks ON on input line 4788.
\c@Hy@tempcnt=\count106

(c:/texlive/2019/texmf-dist/tex/latex/url/url.sty
\Urlmuskip=\muskip11
Package: url 2013/09/16  ver 3.4  Verb mode for urls, etc.
)
LaTeX Info: Redefining \url on input line 5147.
\XeTeXLinkMargin=\dimen123

(c:/texlive/2019/texmf-dist/tex/generic/bitset/bitset.sty
Package: bitset 2019/12/09 v1.3 Handle bit-vector datatype (HO)

(c:/texlive/2019/texmf-dist/tex/generic/bigintcalc/bigintcalc.sty
Package: bigintcalc 2019/12/15 v1.5 Expandable calculations on big integers (HO
)
))
\Fld@menulength=\count107
\Field@Width=\dimen124
\Fld@charsize=\dimen125
Package hyperref Info: Hyper figures OFF on input line 6418.
Package hyperref Info: Link nesting OFF on input line 6423.
Package hyperref Info: Hyper index ON on input line 6426.
Package hyperref Info: backreferencing OFF on input line 6433.
Package hyperref Info: Link coloring OFF on input line 6438.
Package hyperref Info: Link coloring with OCG OFF on input line 6443.
Package hyperref Info: PDF/A mode OFF on input line 6448.
LaTeX Info: Redefining \ref on input line 6488.
LaTeX Info: Redefining \pageref on input line 6492.

(c:/texlive/2019/texmf-dist/tex/generic/atbegshi/atbegshi.sty
Package: atbegshi 2019/12/05 v1.19 At begin shipout hook (HO)
)
\Hy@abspage=\count108
\c@Item=\count109
\c@Hfootnote=\count110
)
Package hyperref Info: Driver (autodetected): hpdftex.

(c:/texlive/2019/texmf-dist/tex/latex/hyperref/hpdftex.def
File: hpdftex.def 2019/11/10 v7.00c Hyperref driver for pdfTeX

(c:/texlive/2019/texmf-dist/tex/latex/atveryend/atveryend.sty
Package: atveryend 2019-12-11 v1.11 Hooks at the very end of document (HO)
Package atveryend Info: \enddocument detected (standard20110627).
)
\Fld@listcount=\count111
\c@bookmark@seq@number=\count112

(c:/texlive/2019/texmf-dist/tex/latex/rerunfilecheck/rerunfilecheck.sty
Package: rerunfilecheck 2019/12/05 v1.9 Rerun checks for auxiliary files (HO)

(c:/texlive/2019/texmf-dist/tex/generic/uniquecounter/uniquecounter.sty
Package: uniquecounter 2019/12/15 v1.4 Provide unlimited unique counter (HO)
)
Package uniquecounter Info: New unique counter `rerunfilecheck' on input line 2
86.
)
\Hy@SectionHShift=\skip46
)
(c:/texlive/2019/texmf-dist/tex/latex/parskip/parskip.sty
Package: parskip 2019-01-16 v2.0c non-zero parskip adjustments

(c:/texlive/2019/texmf-dist/tex/latex/etoolbox/etoolbox.sty
Package: etoolbox 2019/09/21 v2.5h e-TeX tools for LaTeX (JAW)
\etb@tempcnta=\count113
))
(c:/texlive/2019/texmf-dist/tex/latex/spverbatim/spverbatim.sty
Package: spverbatim 2009/08/10 v1.0 Verbatim with breakable spaces
)
(c:/texlive/2019/texmf-dist/tex/generic/dirtree/dirtree.sty
Package: dirtree 2012/12/11 v0.32 package wrapper for dirtree

(c:/texlive/2019/texmf-dist/tex/generic/dirtree/dirtree.tex
`dirtree' v0.32, 2012/12/11 (jcc)
\DT@offset=\dimen126
\DT@width=\dimen127
\DT@sep=\dimen128
\DT@all=\dimen129
\DT@rulewidth=\dimen130
\DT@dotwidth=\dimen131
\DTbaselineskip=\dimen132
\DT@counti=\count114
\DT@countii=\count115
\DT@countiii=\count116
\DT@countiv=\count117
\DT@indent=\dimen133
\DT@parskip=\dimen134
\DT@baselineskip=\dimen135
)
File: dirtree.tex 2012/12/11 v0.32 `dirtree' (jcc)
)
(c:/texlive/2019/texmf-dist/tex/latex/tools/bm.sty
Package: bm 2019/07/24 v1.2d Bold Symbol Support (DPC/FMi)
\symboldoperators=\mathgroup6
\symboldletters=\mathgroup7
\symboldsymbols=\mathgroup8
LaTeX Font Info:    Redeclaring math alphabet \mathbf on input line 141.
LaTeX Info: Redefining \bm on input line 209.
)
(c:/texlive/2019/texmf-dist/tex/latex/siunitx/siunitx.sty
(c:/texlive/2019/texmf-dist/tex/latex/l3kernel/expl3.sty
Package: expl3 2020-01-12 L3 programming layer (loader) 

(c:/texlive/2019/texmf-dist/tex/latex/l3kernel/expl3-code.tex
Package: expl3 2020-01-12 L3 programming layer (code)
\c_max_int=\count118
\l_tmpa_int=\count119
\l_tmpb_int=\count120
\g_tmpa_int=\count121
\g_tmpb_int=\count122
\l__seq_internal_a_int=\count123
\l__seq_internal_b_int=\count124
\g__kernel_prg_map_int=\count125
\c__ior_term_noprompt_ior=\count126
\c_log_iow=\count127
\l_iow_line_count_int=\count128
\l__iow_line_target_int=\count129
\l__iow_one_indent_int=\count130
\l__iow_indent_int=\count131
\c_zero_dim=\dimen136
\c_max_dim=\dimen137
\l_tmpa_dim=\dimen138
\l_tmpb_dim=\dimen139
\g_tmpa_dim=\dimen140
\g_tmpb_dim=\dimen141
\c_zero_skip=\skip47
\c_max_skip=\skip48
\l_tmpa_skip=\skip49
\l_tmpb_skip=\skip50
\g_tmpa_skip=\skip51
\g_tmpb_skip=\skip52
\c_zero_muskip=\muskip12
\c_max_muskip=\muskip13
\l_tmpa_muskip=\muskip14
\l_tmpb_muskip=\muskip15
\g_tmpa_muskip=\muskip16
\g_tmpb_muskip=\muskip17
\l_keys_choice_int=\count132
\l__intarray_loop_int=\count133
\c__intarray_sp_dim=\dimen142
\g__intarray_font_int=\count134
\c__fp_leading_shift_int=\count135
\c__fp_middle_shift_int=\count136
\c__fp_trailing_shift_int=\count137
\c__fp_big_leading_shift_int=\count138
\c__fp_big_middle_shift_int=\count139
\c__fp_big_trailing_shift_int=\count140
\c__fp_Bigg_leading_shift_int=\count141
\c__fp_Bigg_middle_shift_int=\count142
\c__fp_Bigg_trailing_shift_int=\count143
\c__kernel_randint_max_int=\count144
\g__fp_array_int=\count145
\l__fp_array_loop_int=\count146
\l__sort_length_int=\count147
\l__sort_min_int=\count148
\l__sort_top_int=\count149
\l__sort_max_int=\count150
\l__sort_true_max_int=\count151
\l__sort_block_int=\count152
\l__sort_begin_int=\count153
\l__sort_end_int=\count154
\l__sort_A_int=\count155
\l__sort_B_int=\count156
\l__sort_C_int=\count157
\l__str_internal_int=\count158
\c__str_replacement_char_int=\count159
\l__tl_analysis_normal_int=\count160
\l__tl_analysis_index_int=\count161
\l__tl_analysis_nesting_int=\count162
\l__tl_analysis_type_int=\count163
\l__regex_internal_a_int=\count164
\l__regex_internal_b_int=\count165
\l__regex_internal_c_int=\count166
\l__regex_balance_int=\count167
\l__regex_group_level_int=\count168
\l__regex_mode_int=\count169
\c__regex_cs_in_class_mode_int=\count170
\c__regex_cs_mode_int=\count171
\l__regex_catcodes_int=\count172
\l__regex_default_catcodes_int=\count173
\c__regex_catcode_D_int=\count174
\c__regex_catcode_S_int=\count175
\c__regex_catcode_L_int=\count176
\c__regex_catcode_O_int=\count177
\c__regex_catcode_A_int=\count178
\c__regex_all_catcodes_int=\count179
\l__regex_show_lines_int=\count180
\l__regex_min_state_int=\count181
\l__regex_max_state_int=\count182
\l__regex_left_state_int=\count183
\l__regex_right_state_int=\count184
\l__regex_capturing_group_int=\count185
\l__regex_min_pos_int=\count186
\l__regex_max_pos_int=\count187
\l__regex_curr_pos_int=\count188
\l__regex_start_pos_int=\count189
\l__regex_success_pos_int=\count190
\l__regex_curr_char_int=\count191
\l__regex_curr_catcode_int=\count192
\l__regex_last_char_int=\count193
\l__regex_case_changed_char_int=\count194
\l__regex_curr_state_int=\count195
\l__regex_step_int=\count196
\l__regex_min_active_int=\count197
\l__regex_max_active_int=\count198
\l__regex_replacement_csnames_int=\count199
\l__regex_match_count_int=\count266
\l__regex_min_submatch_int=\count267
\l__regex_submatch_int=\count268
\l__regex_zeroth_submatch_int=\count269
\g__regex_trace_regex_int=\count270
\c_empty_box=\box29
\l_tmpa_box=\box30
\l_tmpb_box=\box31
\g_tmpa_box=\box32
\g_tmpb_box=\box33
\l__box_top_dim=\dimen143
\l__box_bottom_dim=\dimen144
\l__box_left_dim=\dimen145
\l__box_right_dim=\dimen146
\l__box_top_new_dim=\dimen147
\l__box_bottom_new_dim=\dimen148
\l__box_left_new_dim=\dimen149
\l__box_right_new_dim=\dimen150
\l__box_internal_box=\box34
\l__coffin_internal_box=\box35
\l__coffin_internal_dim=\dimen151
\l__coffin_offset_x_dim=\dimen152
\l__coffin_offset_y_dim=\dimen153
\l__coffin_x_dim=\dimen154
\l__coffin_y_dim=\dimen155
\l__coffin_x_prime_dim=\dimen156
\l__coffin_y_prime_dim=\dimen157
\c_empty_coffin=\box36
\l__coffin_aligned_coffin=\box37
\l__coffin_aligned_internal_coffin=\box38
\l_tmpa_coffin=\box39
\l_tmpb_coffin=\box40
\g_tmpa_coffin=\box41
\g_tmpb_coffin=\box42
\l__coffin_bounding_shift_dim=\dimen158
\l__coffin_left_corner_dim=\dimen159
\l__coffin_right_corner_dim=\dimen160
\l__coffin_bottom_corner_dim=\dimen161
\l__coffin_top_corner_dim=\dimen162
\l__coffin_scaled_total_height_dim=\dimen163
\l__coffin_scaled_width_dim=\dimen164
\c__coffin_empty_coffin=\box43
\l__coffin_display_coffin=\box44
\l__coffin_display_coord_coffin=\box45
\l__coffin_display_pole_coffin=\box46
\l__coffin_display_offset_dim=\dimen165
\l__coffin_display_x_dim=\dimen166
\l__coffin_display_y_dim=\dimen167
\g__char_data_ior=\read1

(c:/texlive/2019/texmf-dist/tex/latex/l3kernel/l3deprecation.def
File: l3deprecation.def 2019-04-06 v L3 Deprecated functions
))
(c:/texlive/2019/texmf-dist/tex/latex/l3backend/l3backend-pdfmode.def
File: l3backend-pdfmode.def 2019-04-06 L3 backend support: PDF mode
\l__kernel_color_stack_int=\count271
\l__pdf_internal_box=\box47
))
(c:/texlive/2019/texmf-dist/tex/latex/l3packages/xparse/xparse.sty
Package: xparse 2020-01-12 L3 Experimental document command parser
\l__xparse_current_arg_int=\count272
\g__xparse_grabber_int=\count273
\l__xparse_m_args_int=\count274
\l__xparse_v_nesting_int=\count275
)
Package: siunitx 2020/01/15 v2.7u A comprehensive (SI) units package

(c:/texlive/2019/texmf-dist/tex/latex/tools/array.sty
Package: array 2019/08/31 v2.4l Tabular extension package (FMi)
\col@sep=\dimen168
\ar@mcellbox=\box48
\extrarowheight=\dimen169
\NC@list=\toks22
\extratabsurround=\skip53
\backup@length=\skip54
\ar@cellbox=\box49
)
(c:/texlive/2019/texmf-dist/tex/latex/l3packages/l3keys2e/l3keys2e.sty
Package: l3keys2e 2020-01-12 LaTeX2e option processing using LaTeX3 keys
)
\l__siunitx_tmp_box=\box50
\l__siunitx_tmp_dim=\dimen170
\l__siunitx_tmp_int=\count276
\l__siunitx_number_mantissa_length_int=\count277
\l__siunitx_number_uncert_length_int=\count278
\l__siunitx_round_int=\count279
\l__siunitx_process_decimal_int=\count280
\l__siunitx_process_uncertainty_int=\count281
\l__siunitx_process_fixed_int=\count282
\l__siunitx_process_integer_min_int=\count283
\l__siunitx_process_precision_int=\count284
\l__siunitx_group_min_int=\count285
\l__siunitx_angle_marker_box=\box51
\l__siunitx_angle_unit_box=\box52
\l__siunitx_angle_marker_dim=\dimen171
\l__siunitx_angle_unit_dim=\dimen172
\l__siunitx_unit_int=\count286
\l__siunitx_unit_denominator_int=\count287
\l__siunitx_unit_numerator_int=\count288
\l__siunitx_unit_prefix_int=\count289
\l__siunitx_unit_prefix_base_int=\count290
\l__siunitx_unit_prefix_gram_int=\count291
\l__siunitx_number_product_int=\count292
\c__siunitx_one_fill_skip=\skip55
\l__siunitx_table_unit_align_skip=\skip56
\l__siunitx_table_exponent_dim=\dimen173
\l__siunitx_table_integer_dim=\dimen174
\l__siunitx_table_mantissa_dim=\dimen175
\l__siunitx_table_marker_dim=\dimen176
\l__siunitx_table_result_dim=\dimen177
\l__siunitx_table_uncert_dim=\dimen178
\l__siunitx_table_fill_pre_dim=\dimen179
\l__siunitx_table_fill_post_dim=\dimen180
\l__siunitx_table_fill_mid_dim=\dimen181
\l__siunitx_table_pre_box=\box53
\l__siunitx_table_post_box=\box54
\l__siunitx_table_mantissa_box=\box55
\l__siunitx_table_result_box=\box56
\l__siunitx_table_number_align_skip=\skip57
\l__siunitx_table_text_align_skip=\skip58

(c:/texlive/2019/texmf-dist/tex/latex/translator/translator.sty
Package: translator 2019-05-31 v1.12a Easy translation of strings in LaTeX
))

LaTeX Warning: Unused global option(s):
    [nocenter].

(./Readme.aux)
\openout1 = `Readme.aux'.

LaTeX Font Info:    Checking defaults for OML/cmm/m/it on input line 28.
LaTeX Font Info:    ... okay on input line 28.
LaTeX Font Info:    Checking defaults for T1/cmr/m/n on input line 28.
LaTeX Font Info:    ... okay on input line 28.
LaTeX Font Info:    Checking defaults for OT1/cmr/m/n on input line 28.
LaTeX Font Info:    ... okay on input line 28.
LaTeX Font Info:    Checking defaults for OMS/cmsy/m/n on input line 28.
LaTeX Font Info:    ... okay on input line 28.
LaTeX Font Info:    Checking defaults for OMX/cmex/m/n on input line 28.
LaTeX Font Info:    ... okay on input line 28.
LaTeX Font Info:    Checking defaults for U/cmr/m/n on input line 28.
LaTeX Font Info:    ... okay on input line 28.
LaTeX Font Info:    Checking defaults for PD1/pdf/m/n on input line 28.
LaTeX Font Info:    ... okay on input line 28.

*geometry* driver: auto-detecting
*geometry* detected driver: pdftex
*geometry* verbose mode - [ preamble ] result:
* driver: pdftex
* paper: letterpaper
* layout: <same size as paper>
* layoutoffset:(h,v)=(0.0pt,0.0pt)
* modes: 
* h-part:(L,W,R)=(92.14519pt, 430.00462pt, 92.14519pt)
* v-part:(T,H,B)=(95.39737pt, 556.47656pt, 143.09605pt)
* \paperwidth=614.295pt
* \paperheight=794.96999pt
* \textwidth=430.00462pt
* \textheight=556.47656pt
* \oddsidemargin=19.8752pt
* \evensidemargin=19.8752pt
* \topmargin=-13.87262pt
* \headheight=12.0pt
* \headsep=25.0pt
* \topskip=11.0pt
* \footskip=30.0pt
* \marginparwidth=59.0pt
* \marginparsep=10.0pt
* \columnsep=10.0pt
* \skip\footins=10.0pt plus 4.0pt minus 2.0pt
* \hoffset=0.0pt
* \voffset=0.0pt
* \mag=1000
* \@twocolumnfalse
* \@twosidefalse
* \@mparswitchfalse
* \@reversemarginfalse
* (1in=72.27pt=25.4mm, 1cm=28.453pt)

(c:/texlive/2019/texmf-dist/tex/context/base/mkii/supp-pdf.mkii
[Loading MPS to PDF converter (version 2006.09.02).]
\scratchcounter=\count293
\scratchdimen=\dimen182
\scratchbox=\box57
\nofMPsegments=\count294
\nofMParguments=\count295
\everyMPshowfont=\toks23
\MPscratchCnt=\count296
\MPscratchDim=\dimen183
\MPnumerator=\count297
\makeMPintoPDFobject=\count298
\everyMPtoPDFconversion=\toks24
)
\AtBeginShipoutBox=\box58
Package hyperref Info: Link coloring OFF on input line 28.
 (c:/texlive/2019/texmf-dist/tex/latex/hyperref/nameref.sty
Package: nameref 2019/09/16 v2.46 Cross-referencing by name of section

(c:/texlive/2019/texmf-dist/tex/latex/refcount/refcount.sty
Package: refcount 2019/12/15 v3.6 Data extraction from label references (HO)
)
(c:/texlive/2019/texmf-dist/tex/generic/gettitlestring/gettitlestring.sty
Package: gettitlestring 2019/12/15 v1.6 Cleanup title references (HO)
)
\c@section@level=\count299
)
LaTeX Info: Redefining \ref on input line 28.
LaTeX Info: Redefining \pageref on input line 28.
LaTeX Info: Redefining \nameref on input line 28.

(./Readme.out) (./Readme.out)
\@outlinefile=\write3
\openout3 = `Readme.out'.

Now handling font encoding TS1 ...
... processing UTF-8 mapping file for font encoding TS1

(c:/texlive/2019/texmf-dist/tex/latex/base/ts1enc.dfu
File: ts1enc.dfu 2019/07/11 v1.2j UTF-8 support for inputenc
   defining Unicode char U+00A2 (decimal 162)
   defining Unicode char U+00A3 (decimal 163)
   defining Unicode char U+00A4 (decimal 164)
   defining Unicode char U+00A5 (decimal 165)
   defining Unicode char U+00A6 (decimal 166)
   defining Unicode char U+00A7 (decimal 167)
   defining Unicode char U+00A8 (decimal 168)
   defining Unicode char U+00A9 (decimal 169)
   defining Unicode char U+00AA (decimal 170)
   defining Unicode char U+00AC (decimal 172)
   defining Unicode char U+00AE (decimal 174)
   defining Unicode char U+00AF (decimal 175)
   defining Unicode char U+00B0 (decimal 176)
   defining Unicode char U+00B1 (decimal 177)
   defining Unicode char U+00B2 (decimal 178)
   defining Unicode char U+00B3 (decimal 179)
   defining Unicode char U+00B4 (decimal 180)
   defining Unicode char U+00B5 (decimal 181)
   defining Unicode char U+00B6 (decimal 182)
   defining Unicode char U+00B7 (decimal 183)
   defining Unicode char U+00B9 (decimal 185)
   defining Unicode char U+00BA (decimal 186)
   defining Unicode char U+00BC (decimal 188)
   defining Unicode char U+00BD (decimal 189)
   defining Unicode char U+00BE (decimal 190)
   defining Unicode char U+00D7 (decimal 215)
   defining Unicode char U+00F7 (decimal 247)
   defining Unicode char U+0192 (decimal 402)
   defining Unicode char U+02C7 (decimal 711)
   defining Unicode char U+02D8 (decimal 728)
   defining Unicode char U+02DD (decimal 733)
   defining Unicode char U+0E3F (decimal 3647)
   defining Unicode char U+2016 (decimal 8214)
   defining Unicode char U+2020 (decimal 8224)
   defining Unicode char U+2021 (decimal 8225)
   defining Unicode char U+2022 (decimal 8226)
   defining Unicode char U+2030 (decimal 8240)
   defining Unicode char U+2031 (decimal 8241)
   defining Unicode char U+203B (decimal 8251)
   defining Unicode char U+203D (decimal 8253)
   defining Unicode char U+2044 (decimal 8260)
   defining Unicode char U+204E (decimal 8270)
   defining Unicode char U+2052 (decimal 8274)
   defining Unicode char U+20A1 (decimal 8353)
   defining Unicode char U+20A4 (decimal 8356)
   defining Unicode char U+20A6 (decimal 8358)
   defining Unicode char U+20A9 (decimal 8361)
   defining Unicode char U+20AB (decimal 8363)
   defining Unicode char U+20AC (decimal 8364)
   defining Unicode char U+20B1 (decimal 8369)
   defining Unicode char U+2103 (decimal 8451)
   defining Unicode char U+2116 (decimal 8470)
   defining Unicode char U+2117 (decimal 8471)
   defining Unicode char U+211E (decimal 8478)
   defining Unicode char U+2120 (decimal 8480)
   defining Unicode char U+2122 (decimal 8482)
   defining Unicode char U+2126 (decimal 8486)
   defining Unicode char U+2127 (decimal 8487)
   defining Unicode char U+212E (decimal 8494)
   defining Unicode char U+2190 (decimal 8592)
   defining Unicode char U+2191 (decimal 8593)
   defining Unicode char U+2192 (decimal 8594)
   defining Unicode char U+2193 (decimal 8595)
   defining Unicode char U+2329 (decimal 9001)
   defining Unicode char U+232A (decimal 9002)
   defining Unicode char U+2422 (decimal 9250)
   defining Unicode char U+25E6 (decimal 9702)
   defining Unicode char U+25EF (decimal 9711)
   defining Unicode char U+266A (decimal 9834)
   defining Unicode char U+27E8 (decimal 10216)
   defining Unicode char U+27E9 (decimal 10217)
   defining Unicode char U+FEFF (decimal 65279)
)
(c:/texlive/2019/texmf-dist/tex/latex/translator/translator-basic-dictionary-En
glish.dict
Dictionary: translator-basic-dictionary, Language: English 
)
(c:/texlive/2019/texmf-dist/tex/latex/siunitx/siunitx-abbreviations.cfg
File: siunitx-abbreviations.cfg 2017/11/26 v2.7k siunitx: Abbreviated units
)
LaTeX Font Info:    Trying to load font information for U+msa on input line 28.


(c:/texlive/2019/texmf-dist/tex/latex/amsfonts/umsa.fd
File: umsa.fd 2013/01/14 v3.01 AMS symbols A
)
LaTeX Font Info:    Trying to load font information for U+msb on input line 28.


(c:/texlive/2019/texmf-dist/tex/latex/amsfonts/umsb.fd
File: umsb.fd 2013/01/14 v3.01 AMS symbols B
)

LaTeX Warning: No \author given.

(./Readme.toc)
\tf@toc=\write4
\openout4 = `Readme.toc'.

 [1

{c:/texlive/2019/texmf-var/fonts/map/pdftex/updmap/pdftex.map}]
Underfull \hbox (badness 10000) in paragraph at lines 62--66

 []

[2]
LaTeX Font Info:    Trying to load font information for OMS+cmr on input line 9
7.
 (c:/texlive/2019/texmf-dist/tex/latex/base/omscmr.fd
File: omscmr.fd 2014/09/29 v2.5h Standard LaTeX font definitions
)
LaTeX Font Info:    Font shape `OMS/cmr/m/n' in size <10.95> not available
(Font)              Font shape `OMS/cmsy/m/n' tried instead on input line 97.

Overfull \hbox (57.6115pt too wide) in paragraph at lines 96--99
\OT1/cmr/m/n/10.95 PYTHONPATH=^^?$\OMS/cmsy/m/n/10.95 f\OT1/cmr/m/n/10.95 PYTHO
NPATH\OMS/cmsy/m/n/10.95 g\OT1/cmr/m/n/10.95 :/PATH/TO/tlm[]adjoint/python:/PAT
H/TO/fenics[]ice/code^^? 
 []

[3] [4]
Overfull \hbox (47.13646pt too wide) in paragraph at lines 165--165
[]\OT1/cmtt/m/n/10.95 B2.xml[] [] Bglen.xml[] [] alpha.xml[] [] bed.xml[] [] bm
elt.xml[] [] grid_data.npz[] [] mask.xml[] [] mesh.xml[]
 []

[5]
Overfull \hbox (12.64433pt too wide) in paragraph at lines 210--210
[]\OT1/cmtt/m/n/10.95 Newton[] iteration[] 0:[] r[] (abs)[] =[] 1.585e+03[] (to
l[] =[] 1.000e-08)[] r[] (rel)[] =[] 1.000e+00[]
 []


Overfull \hbox (12.64433pt too wide) in paragraph at lines 210--210
[]\OT1/cmtt/m/n/10.95 Newton[] iteration[] 1:[] r[] (abs)[] =[] 1.139e+02[] (to
l[] =[] 1.000e-08)[] r[] (rel)[] =[] 7.186e-02[]
 []


Overfull \hbox (12.64433pt too wide) in paragraph at lines 210--210
[]\OT1/cmtt/m/n/10.95 Newton[] iteration[] 2:[] r[] (abs)[] =[] 1.307e+02[] (to
l[] =[] 1.000e-08)[] r[] (rel)[] =[] 8.248e-02[]
 []


Overfull \hbox (12.64433pt too wide) in paragraph at lines 210--210
[]\OT1/cmtt/m/n/10.95 Newton[] iteration[] 3:[] r[] (abs)[] =[] 9.443e+01[] (to
l[] =[] 1.000e-08)[] r[] (rel)[] =[] 5.958e-02[]
 []


Overfull \hbox (12.64433pt too wide) in paragraph at lines 210--210
[]\OT1/cmtt/m/n/10.95 Newton[] iteration[] 4:[] r[] (abs)[] =[] 5.682e+01[] (to
l[] =[] 1.000e-08)[] r[] (rel)[] =[] 3.585e-02[]
 []


Overfull \hbox (12.64433pt too wide) in paragraph at lines 210--210
[]\OT1/cmtt/m/n/10.95 Newton[] iteration[] 0:[] r[] (abs)[] =[] 6.650e+01[] (to
l[] =[] 1.000e-05)[] r[] (rel)[] =[] 1.000e+00[]
 []


Overfull \hbox (12.64433pt too wide) in paragraph at lines 210--210
[]\OT1/cmtt/m/n/10.95 Newton[] iteration[] 1:[] r[] (abs)[] =[] 4.913e+00[] (to
l[] =[] 1.000e-05)[] r[] (rel)[] =[] 7.387e-02[]
 []


Overfull \hbox (12.64433pt too wide) in paragraph at lines 210--210
[]\OT1/cmtt/m/n/10.95 Newton[] iteration[] 2:[] r[] (abs)[] =[] 4.393e-02[] (to
l[] =[] 1.000e-05)[] r[] (rel)[] =[] 6.606e-04[]
 []


Overfull \hbox (12.64433pt too wide) in paragraph at lines 210--210
[]\OT1/cmtt/m/n/10.95 Newton[] iteration[] 3:[] r[] (abs)[] =[] 5.647e-06[] (to
l[] =[] 1.000e-05)[] r[] (rel)[] =[] 8.492e-08[]
 []

[6]
Overfull \hbox (75.8799pt too wide) in paragraph at lines 245--245
[]\OT1/cmtt/m/n/10.95 >[] python[] Uobs_from_momsolve.py[] -b[] -L[] 40000[] -d
[] $FENICS_ICE_BASE_DIR/input/ismipC/momsolve[] 
 []


Overfull \hbox (58.63383pt too wide) in paragraph at lines 245--245
[]\OT1/cmtt/m/n/10.95 >[] find[] $FENICS_ICE_BASE_DIR/input/ismipC/momsolve[] -
type[] f[] -regex[] '.*\(obs\|std\).xml'[] 
 []


Overfull \hbox (6.89565pt too wide) in paragraph at lines 245--245
[]\OT1/cmtt/m/n/10.95 /mnt/c/Users/ckozi/Documents/Python/fenics/fenics_ice/inp
ut/ismipC/u_obs.xml[] 
 []


Overfull \hbox (6.89565pt too wide) in paragraph at lines 245--245
[]\OT1/cmtt/m/n/10.95 /mnt/c/Users/ckozi/Documents/Python/fenics/fenics_ice/inp
ut/ismipC/u_std.xml[] 
 []


Overfull \hbox (6.89565pt too wide) in paragraph at lines 245--245
[]\OT1/cmtt/m/n/10.95 /mnt/c/Users/ckozi/Documents/Python/fenics/fenics_ice/inp
ut/ismipC/v_obs.xml[] 
 []


Overfull \hbox (6.89565pt too wide) in paragraph at lines 245--245
[]\OT1/cmtt/m/n/10.95 /mnt/c/Users/ckozi/Documents/Python/fenics/fenics_ice/inp
ut/ismipC/v_std.xml[] 
 []

Package atveryend Info: Empty hook `BeforeClearDocument' on input line 257.
[7]
Package atveryend Info: Empty hook `AfterLastShipout' on input line 257.
 (./Readme.aux)
Package atveryend Info: Executing hook `AtVeryEndDocument' on input line 257.
Package atveryend Info: Executing hook `AtEndAfterFileList' on input line 257.
Package rerunfilecheck Info: File `Readme.out' has not changed.
(rerunfilecheck)             Checksum: 5184628E3BAA0BB93B3391797B585882;932.
Package atveryend Info: Empty hook `AtVeryVeryEnd' on input line 257.
 ) 
Here is how much of TeX's memory you used:
 19935 strings out of 492162
 374156 string characters out of 6129077
 431741 words of memory out of 5000000
 24075 multiletter control sequences out of 15000+600000
 545010 words of font info for 71 fonts, out of 8000000 for 9000
 1141 hyphenation exceptions out of 8191
 44i,6n,67p,946b,836s stack positions out of 5000i,500n,10000p,200000b,80000s
<c:/texlive/2019/texmf-dist/fonts/type1/public/amsfonts/cm/cmbx10.pfb><c:/tex
live/2019/texmf-dist/fonts/type1/public/amsfonts/cm/cmbx12.pfb><c:/texlive/2019
/texmf-dist/fonts/type1/public/amsfonts/cm/cmmi10.pfb><c:/texlive/2019/texmf-di
st/fonts/type1/public/amsfonts/cm/cmmi8.pfb><c:/texlive/2019/texmf-dist/fonts/t
ype1/public/amsfonts/cm/cmmib10.pfb><c:/texlive/2019/texmf-dist/fonts/type1/pub
lic/amsfonts/cmextra/cmmib8.pfb><c:/texlive/2019/texmf-dist/fonts/type1/public/
amsfonts/cm/cmr10.pfb><c:/texlive/2019/texmf-dist/fonts/type1/public/amsfonts/c
m/cmr12.pfb><c:/texlive/2019/texmf-dist/fonts/type1/public/amsfonts/cm/cmr17.pf
b><c:/texlive/2019/texmf-dist/fonts/type1/public/amsfonts/cm/cmr8.pfb><c:/texli
ve/2019/texmf-dist/fonts/type1/public/amsfonts/cm/cmsy10.pfb><c:/texlive/2019/t
exmf-dist/fonts/type1/public/amsfonts/cm/cmtt10.pfb>
Output written on Readme.pdf (7 pages, 152295 bytes).
PDF statistics:
 170 PDF objects out of 1000 (max. 8388607)
 147 compressed objects within 2 object streams
 23 named destinations out of 1000 (max. 500000)
 113 words of extra memory for PDF output out of 10000 (max. 10000000)

